TN:
SF:src/database.ts
FNF:0
FNH:0
DA:1,1
DA:3,1
DA:4,1
LF:3
LH:3
BRF:0
BRH:0
end_of_record
TN:
SF:src/repositories/recommendationRepository.ts
FN:5,create
FN:16,findAll
FN:26,getAmountByScore
FN:33,getFindAllFilter
FN:45,find
FN:51,findByName
FN:57,updateScore
FN:66,remove
FNF:8
FNH:0
FNDA:0,create
FNDA:0,findAll
FNDA:0,getAmountByScore
FNDA:0,getFindAllFilter
FNDA:0,find
FNDA:0,findByName
FNDA:0,updateScore
FNDA:0,remove
DA:2,1
DA:6,0
DA:17,0
DA:19,0
DA:27,0
DA:36,0
DA:38,0
DA:40,0
DA:46,0
DA:52,0
DA:58,0
DA:67,0
DA:72,1
LF:13
LH:2
BRDA:36,0,0,0
BRF:1
BRH:0
end_of_record
TN:
SF:src/services/recommendationsService.ts
FN:7,insert
FN:17,upvote
FN:23,downvote
FN:36,getByIdOrFail
FN:43,get
FN:47,getTop
FN:51,getRandom
FN:64,getByScore
FN:77,getScoreFilter
FNF:9
FNH:9
FNDA:3,insert
FNDA:2,upvote
FNDA:3,downvote
FNDA:7,getByIdOrFail
FNDA:1,get
FNDA:1,getTop
FNDA:6,getRandom
FNDA:6,getByScore
FNDA:6,getScoreFilter
DA:2,1
DA:3,1
DA:8,3
DA:11,3
DA:12,1
DA:14,2
DA:18,2
DA:20,2
DA:24,3
DA:26,3
DA:31,3
DA:32,1
DA:37,7
DA:38,7
DA:40,6
DA:44,1
DA:48,1
DA:52,6
DA:53,6
DA:55,6
DA:56,6
DA:57,1
DA:60,5
DA:61,5
DA:65,6
DA:70,6
DA:71,4
DA:74,2
DA:78,6
DA:79,5
DA:82,1
DA:85,1
LF:32
LH:32
BRDA:11,0,0,1
BRDA:31,1,0,1
BRDA:38,2,0,1
BRDA:56,3,0,1
BRDA:70,4,0,4
BRDA:78,5,0,5
BRF:6
BRH:6
end_of_record
TN:
SF:src/utils/errorUtils.ts
FN:7,isAppError
FN:11,errorTypeToStatusCode
FN:19,conflictError
FN:23,notFoundError
FN:27,unauthorizedError
FN:31,wrongSchemaError
FNF:6
FNH:2
FNDA:0,isAppError
FNDA:0,errorTypeToStatusCode
FNDA:1,conflictError
FNDA:2,notFoundError
FNDA:0,unauthorizedError
FNDA:0,wrongSchemaError
DA:7,1
DA:8,0
DA:11,1
DA:12,0
DA:13,0
DA:14,0
DA:15,0
DA:16,0
DA:19,1
DA:20,1
DA:23,1
DA:24,2
DA:27,1
DA:28,0
DA:31,1
DA:32,0
LF:16
LH:8
BRDA:12,0,0,0
BRDA:13,1,0,0
BRDA:14,2,0,0
BRDA:15,3,0,0
BRDA:20,4,0,1
BRDA:20,4,1,0
BRDA:20,5,0,1
BRDA:20,5,1,1
BRDA:24,6,0,0
BRDA:24,6,1,2
BRDA:24,7,0,2
BRDA:24,7,1,2
BRDA:28,8,0,0
BRDA:28,8,1,0
BRDA:28,9,0,0
BRDA:28,9,1,0
BRDA:32,10,0,0
BRDA:32,10,1,0
BRDA:32,11,0,0
BRDA:32,11,1,0
BRF:20
BRH:6
end_of_record
TN:
SF:tests/factories/recommendationFactory.ts
FN:4,newRecommendation
FN:26,registerNewRecommendation
FN:34,checkRecommendation
FN:42,getRandomInt
FN:47,setScore
FNF:5
FNH:1
FNDA:30,newRecommendation
FNDA:0,registerNewRecommendation
FNDA:0,checkRecommendation
FNDA:0,getRandomInt
FNDA:0,setScore
DA:1,1
DA:2,1
DA:4,1
DA:5,30
DA:19,30
DA:20,30
DA:24,30
DA:26,1
DA:27,0
DA:28,0
DA:32,0
DA:34,1
DA:35,0
DA:40,0
DA:42,1
DA:43,0
DA:44,0
DA:45,0
DA:47,1
DA:48,0
DA:53,0
LF:21
LH:11
BRF:0
BRH:0
end_of_record
